  AnalyseConfig.cpp
  GodEyesMain.cpp
  _WIN32_WINNT not defined. Defaulting to _WIN32_WINNT_MAXVER (see WinSDKVer.h)
  MainStart.cpp
c:\users\cheng\desktop\godeyes project\godeyesstart\godeyesstart\mainstart.cpp : warning C4819: 该文件包含不能在当前代码页(936)中表示的字符。请将该文件保存为 Unicode 格式以防止数据丢失
  _WIN32_WINNT not defined. Defaulting to _WIN32_WINNT_MAXVER (see WinSDKVer.h)
  ReadConfig.cpp
  sserver.cpp
  _WIN32_WINNT not defined. Defaulting to _WIN32_WINNT_MAXVER (see WinSDKVer.h)
c:\users\cheng\desktop\godeyes project\godeyesstart\godeyesstart\sserver.cpp(40): warning C4551: 缺少参数列表的函数调用
c:\users\cheng\desktop\godeyes project\godeyesstart\godeyesstart\sserver.cpp(210): warning C4477: “printf”: 格式字符串“%d”需要类型“int”的参数，但可变参数 1 拥有了类型“SOCKET”
  c:\users\cheng\desktop\godeyes project\godeyesstart\godeyesstart\sserver.cpp(210): note: 请考虑在格式字符串中使用“%lld”
  c:\users\cheng\desktop\godeyes project\godeyesstart\godeyesstart\sserver.cpp(210): note: 请考虑在格式字符串中使用“%Id”
  c:\users\cheng\desktop\godeyes project\godeyesstart\godeyesstart\sserver.cpp(210): note: 请考虑在格式字符串中使用“%I64d”
c:\users\cheng\desktop\godeyes project\godeyesstart\godeyesstart\sserver.cpp(257): warning C4477: “printf”: 格式字符串“%d”需要类型“int”的参数，但可变参数 1 拥有了类型“SOCKET”
  c:\users\cheng\desktop\godeyes project\godeyesstart\godeyesstart\sserver.cpp(257): note: 请考虑在格式字符串中使用“%lld”
  c:\users\cheng\desktop\godeyes project\godeyesstart\godeyesstart\sserver.cpp(257): note: 请考虑在格式字符串中使用“%Id”
  c:\users\cheng\desktop\godeyes project\godeyesstart\godeyesstart\sserver.cpp(257): note: 请考虑在格式字符串中使用“%I64d”
  正在生成代码
  All 142 functions were compiled because no usable IPDB/IOBJ from previous compilation was found.
  已完成代码的生成
  GodEyesStart.vcxproj -> C:\Users\cheng\Desktop\GodEyes Project\GodEyesStart\x64\Release\GodEyesStart.exe
