c:\users\tongji2018\desktop\godeyesstart\godeyesstart\x64\debug\vc141.pdb
c:\users\tongji2018\desktop\godeyesstart\godeyesstart\x64\debug\vc141.idb
c:\users\tongji2018\desktop\godeyesstart\godeyesstart\x64\debug\sserver.obj
c:\users\tongji2018\desktop\godeyesstart\godeyesstart\x64\debug\readconfig.obj
c:\users\tongji2018\desktop\godeyesstart\godeyesstart\x64\debug\mainstart.obj
c:\users\tongji2018\desktop\godeyesstart\godeyesstart\x64\debug\godeyesmain.obj
c:\users\tongji2018\desktop\godeyesstart\godeyesstart\x64\debug\analyseconfig.obj
c:\users\cheng\desktop\godeyesstart\godeyesstart\x64\debug\vc142.pdb
c:\users\cheng\desktop\godeyesstart\godeyesstart\x64\debug\vc142.idb
c:\users\cheng\desktop\godeyesstart\godeyesstart\x64\debug\sserver.obj
c:\users\cheng\desktop\godeyesstart\godeyesstart\x64\debug\readconfig.obj
c:\users\cheng\desktop\godeyesstart\godeyesstart\x64\debug\godeyesmain.obj
c:\users\cheng\desktop\godeyesstart\godeyesstart\x64\debug\analyseconfig.obj
c:\users\cheng\desktop\godeyesstart\godeyesstart\x64\debug\mainstart.obj
c:\users\tongji2018\desktop\godeyesstart\x64\debug\godeyesstart.ilk
c:\users\tongji2018\desktop\godeyesstart\x64\debug\godeyesstart.exe
c:\users\tongji2018\desktop\godeyesstart\x64\debug\godeyesstart.pdb
c:\users\cheng\desktop\godeyesstart\godeyesstart\x64\debug\vc141.idb
c:\users\cheng\desktop\godeyesstart\godeyesstart\x64\debug\vc141.pdb
c:\users\cheng\desktop\godeyesstart\x64\debug\godeyesstart.pdb
c:\users\cheng\desktop\godeyesstart\godeyesstart\x64\debug\godeyesstart.tlog\cl.command.1.tlog
c:\users\cheng\desktop\godeyesstart\godeyesstart\x64\debug\godeyesstart.tlog\cl.read.1.tlog
c:\users\cheng\desktop\godeyesstart\godeyesstart\x64\debug\godeyesstart.tlog\cl.write.1.tlog
c:\users\cheng\desktop\godeyesstart\godeyesstart\x64\debug\godeyesstart.tlog\link-cvtres.read.1.tlog
c:\users\cheng\desktop\godeyesstart\godeyesstart\x64\debug\godeyesstart.tlog\link-cvtres.write.1.tlog
c:\users\cheng\desktop\godeyesstart\godeyesstart\x64\debug\godeyesstart.tlog\link-rc.read.1.tlog
c:\users\cheng\desktop\godeyesstart\godeyesstart\x64\debug\godeyesstart.tlog\link-rc.write.1.tlog
c:\users\cheng\desktop\godeyesstart\godeyesstart\x64\debug\godeyesstart.tlog\link.command.1.tlog
c:\users\cheng\desktop\godeyesstart\godeyesstart\x64\debug\godeyesstart.tlog\link.read.1.tlog
c:\users\cheng\desktop\godeyesstart\godeyesstart\x64\debug\godeyesstart.tlog\link.write.1.tlog
